09:25:12.210 INFO  SearchPage -Navigate to flights tab
09:25:12.498 INFO  SearchPage -Origin text box element found
09:25:15.848 INFO  SearchPage -Enter origin city as New York
09:25:16.729 INFO  SearchPage -Destination text box element found
09:25:20.682 INFO  SearchPage -Enter destination city as Chicago
09:25:21.918 INFO  SearchPage -Enter departure date as 05/25/2020
09:25:23.050 INFO  SearchPage -Enter return date as 05/31/2020
09:34:01.900 INFO  SearchPage -Navigate to flights tab
09:34:01.959 INFO  SearchPage -Origin text box element found
09:34:15.177 INFO  SearchPage -Enter origin city as New York
09:34:15.988 INFO  SearchPage -Destination text box element found
09:34:19.123 INFO  SearchPage -Enter destination city as Chicago
09:34:20.047 INFO  SearchPage -Enter departure date as 05/25/2020
09:34:21.383 INFO  SearchPage -Enter return date as 05/31/2020
09:35:41.720 INFO  SearchPage -Navigate to flights tab
09:35:41.835 INFO  SearchPage -Origin text box element found
09:35:44.263 INFO  SearchPage -Enter origin city as New York
09:35:44.845 INFO  SearchPage -Destination text box element found
09:35:47.923 INFO  SearchPage -Enter destination city as Chicago
09:35:49.508 INFO  SearchPage -Enter departure date as 05/25/2020
09:35:51.043 INFO  SearchPage -Enter return date as 05/31/2020
